0 info it worked if it ends with ok
1 verbose cli [ '/usr/local/bin/node',
1 verbose cli   '/usr/local/bin/npm',
1 verbose cli   'run',
1 verbose cli   'coveralls' ]
2 info using npm@1.3.14
3 info using node@v0.10.22
4 verbose run-script [ 'precoveralls', 'coveralls', 'postcoveralls' ]
5 info precoveralls circularUfrn@0.0.1
6 info coveralls circularUfrn@0.0.1
7 verbose unsafe-perm in lifecycle true
8 info circularUfrn@0.0.1 Failed to exec coveralls script
9 error circularUfrn@0.0.1 coveralls: `jscoverage lib && YOURPACKAGE_COVERAGE=1 nodeunit --reporter=lcov test | coveralls`
9 error Exit status 8
10 error Failed at the circularUfrn@0.0.1 coveralls script.
10 error This is most likely a problem with the circularUfrn package,
10 error not with npm itself.
10 error Tell the author that this fails on your system:
10 error     jscoverage lib && YOURPACKAGE_COVERAGE=1 nodeunit --reporter=lcov test | coveralls
10 error You can get their info via:
10 error     npm owner ls circularUfrn
10 error There is likely additional logging output above.
11 error System Linux 3.11.0-13-generic
12 error command "/usr/local/bin/node" "/usr/local/bin/npm" "run" "coveralls"
13 error cwd /home/roger/Documents/Buse
14 error node -v v0.10.22
15 error npm -v 1.3.14
16 error code ELIFECYCLE
17 verbose exit [ 1, true ]
